c:\users\user\downloads\proj.v00\proj.v00\debug\proj2018.pch
c:\users\user\downloads\proj.v00\proj.v00\debug\vc141.pdb
c:\users\user\downloads\proj.v00\proj.v00\debug\vc141.idb
c:\users\user\downloads\proj.v00\proj.v00\debug\stdafx.obj
c:\users\user\downloads\proj.v00\proj.v00\debug\view.obj
c:\users\user\downloads\proj.v00\proj.v00\debug\proj2018.obj
c:\users\user\downloads\proj.v00\proj.v00\debug\misc.obj
c:\users\user\downloads\proj.v00\proj.v00\debug\rect.obj
c:\users\user\downloads\proj.v00\proj.v00\debug\figure.obj
c:\users\user\downloads\proj.v00\proj.v00\debug\ellip.obj
c:\users\user\downloads\proj.v00\proj.v00\debug\line.obj
c:\users\user\downloads\proj.v00\proj.v00\debug\mybutton.obj
c:\users\user\downloads\proj.v00\proj.v00\debug\toolbar.obj
c:\users\user\downloads\proj.v00\proj.v00\debug\tbutton.obj
c:\users\user\downloads\proj.v00\proj.v00\debug\myview.obj
c:\users\user\downloads\proj.v00\proj.v00\debug\container.obj
c:\users\user\downloads\proj.v00\proj.v00\debug\component.obj
c:\users\user\downloads\proj.v00\proj.v00\debug\menubar.obj
c:\users\user\downloads\proj.v00\proj.v00\debug\menu.obj
c:\users\user\downloads\proj.v00\proj.v00\debug\menuitem.obj
c:\users\user\downloads\proj.v00\proj.v00\debug\proj2018.exe
c:\users\user\downloads\proj.v00\proj.v00\debug\proj2018.ilk
c:\users\user\downloads\proj.v00\proj.v00\debug\proj2018.pdb
c:\users\user\downloads\proj.v00\proj.v00\debug\proj2018.res
c:\users\user\downloads\proj.v00\proj.v00\debug\proj2018.tlog\cl.command.1.tlog
c:\users\user\downloads\proj.v00\proj.v00\debug\proj2018.tlog\cl.read.1.tlog
c:\users\user\downloads\proj.v00\proj.v00\debug\proj2018.tlog\cl.write.1.tlog
c:\users\user\downloads\proj.v00\proj.v00\debug\proj2018.tlog\link.command.1.tlog
c:\users\user\downloads\proj.v00\proj.v00\debug\proj2018.tlog\link.read.1.tlog
c:\users\user\downloads\proj.v00\proj.v00\debug\proj2018.tlog\link.write.1.tlog
c:\users\user\downloads\proj.v00\proj.v00\debug\proj2018.tlog\rc.command.1.tlog
c:\users\user\downloads\proj.v00\proj.v00\debug\proj2018.tlog\rc.read.1.tlog
c:\users\user\downloads\proj.v00\proj.v00\debug\proj2018.tlog\rc.write.1.tlog
